# JRE version: Java(TM) SE Runtime Environment (17.0.1+12) (build 17.0.1+12-LTS-39)
# Java VM: Java HotSpot(TM) 64-Bit Server VM (17.0.1+12-LTS-39, mixed mode, sharing, tiered, compressed oops, compressed class ptrs, g1 gc, windows-amd64)
GC Precious Log:
 CPUs: 16 total, 16 available
 Memory: 32689M
 Large Page Support: Disabled
 NUMA Support: Disabled
 Compressed Oops: Enabled (Zero based)
 Heap Region Size: 32M
 Heap Min Capacity: 512M
 Heap Initial Capacity: 512M
 Heap Max Capacity: 3G
 Pre-touch: Disabled
 Parallel Workers: 13
 Concurrent Workers: 3
 Concurrent Refinement Workers: 13
 Periodic GC: Disabled
Heap:
 garbage-first heap   total 1081344K, used 655923K [0x0000000740000000, 0x0000000800000000)
  region size 32768K, 9 young (294912K), 1 survivors (32768K)
 Metaspace       used 65723K, committed 66560K, reserved 1105920K
  class space    used 10875K, committed 11264K, reserved 1048576K
GC Heap History (20 events):
Event: 349.899 GC heap before
{Heap before GC invocations=288 (full 0):
 garbage-first heap   total 1081344K, used 786206K [0x0000000740000000, 0x0000000800000000)
  region size 32768K, 12 young (393216K), 1 survivors (32768K)
 Metaspace       used 65703K, committed 66496K, reserved 1105920K
  class space    used 10872K, committed 11264K, reserved 1048576K
}
Event: 349.901 GC heap after
{Heap after GC invocations=289 (full 0):
 garbage-first heap   total 1081344K, used 425902K [0x0000000740000000, 0x0000000800000000)
  region size 32768K, 1 young (32768K), 1 survivors (32768K)
 Metaspace       used 65703K, committed 66496K, reserved 1105920K
  class space    used 10872K, committed 11264K, reserved 1048576K
}
Event: 351.385 GC heap before
{Heap before GC invocations=289 (full 0):
 garbage-first heap   total 1081344K, used 786350K [0x0000000740000000, 0x0000000800000000)
  region size 32768K, 12 young (393216K), 1 survivors (32768K)
 Metaspace       used 65703K, committed 66496K, reserved 1105920K
  class space    used 10872K, committed 11264K, reserved 1048576K
}
Event: 351.387 GC heap after
{Heap after GC invocations=290 (full 0):
 garbage-first heap   total 1081344K, used 426904K [0x0000000740000000, 0x0000000800000000)
  region size 32768K, 1 young (32768K), 1 survivors (32768K)
 Metaspace       used 65703K, committed 66496K, reserved 1105920K
  class space    used 10872K, committed 11264K, reserved 1048576K
}
Event: 352.500 GC heap before
{Heap before GC invocations=290 (full 0):
 garbage-first heap   total 1081344K, used 787352K [0x0000000740000000, 0x0000000800000000)
  region size 32768K, 12 young (393216K), 1 survivors (32768K)
 Metaspace       used 65703K, committed 66496K, reserved 1105920K
  class space    used 10872K, committed 11264K, reserved 1048576K
}
Event: 352.501 GC heap after
{Heap after GC invocations=291 (full 0):
 garbage-first heap   total 1081344K, used 426147K [0x0000000740000000, 0x0000000800000000)
  region size 32768K, 1 young (32768K), 1 survivors (32768K)
 Metaspace       used 65703K, committed 66496K, reserved 1105920K
  class space    used 10872K, committed 11264K, reserved 1048576K
}
Event: 353.598 GC heap before
{Heap before GC invocations=291 (full 0):
 garbage-first heap   total 1081344K, used 786595K [0x0000000740000000, 0x0000000800000000)
  region size 32768K, 12 young (393216K), 1 survivors (32768K)
 Metaspace       used 65703K, committed 66496K, reserved 1105920K
  class space    used 10872K, committed 11264K, reserved 1048576K
}
Event: 353.600 GC heap after
{Heap after GC invocations=292 (full 0):
 garbage-first heap   total 1081344K, used 426172K [0x0000000740000000, 0x0000000800000000)
  region size 32768K, 1 young (32768K), 1 survivors (32768K)
 Metaspace       used 65703K, committed 66496K, reserved 1105920K
  class space    used 10872K, committed 11264K, reserved 1048576K
}
Event: 354.685 GC heap before
{Heap before GC invocations=292 (full 0):
 garbage-first heap   total 1081344K, used 786620K [0x0000000740000000, 0x0000000800000000)
  region size 32768K, 12 young (393216K), 1 survivors (32768K)
 Metaspace       used 65703K, committed 66496K, reserved 1105920K
  class space    used 10872K, committed 11264K, reserved 1048576K
}
Event: 354.687 GC heap after
{Heap after GC invocations=293 (full 0):
 garbage-first heap   total 1081344K, used 426011K [0x0000000740000000, 0x0000000800000000)
  region size 32768K, 1 young (32768K), 1 survivors (32768K)
 Metaspace       used 65703K, committed 66496K, reserved 1105920K
  class space    used 10872K, committed 11264K, reserved 1048576K
}
Event: 355.774 GC heap before
{Heap before GC invocations=293 (full 0):
 garbage-first heap   total 1081344K, used 786459K [0x0000000740000000, 0x0000000800000000)
  region size 32768K, 12 young (393216K), 1 survivors (32768K)
 Metaspace       used 65703K, committed 66496K, reserved 1105920K
  class space    used 10872K, committed 11264K, reserved 1048576K
}
Event: 355.776 GC heap after
{Heap after GC invocations=294 (full 0):
 garbage-first heap   total 1081344K, used 426280K [0x0000000740000000, 0x0000000800000000)
  region size 32768K, 1 young (32768K), 1 survivors (32768K)
 Metaspace       used 65703K, committed 66496K, reserved 1105920K
  class space    used 10872K, committed 11264K, reserved 1048576K
}
Event: 356.900 GC heap before
{Heap before GC invocations=294 (full 0):
 garbage-first heap   total 1081344K, used 786728K [0x0000000740000000, 0x0000000800000000)
  region size 32768K, 12 young (393216K), 1 survivors (32768K)
 Metaspace       used 65703K, committed 66496K, reserved 1105920K
  class space    used 10872K, committed 11264K, reserved 1048576K
}
Event: 356.901 GC heap after
{Heap after GC invocations=295 (full 0):
 garbage-first heap   total 1081344K, used 426417K [0x0000000740000000, 0x0000000800000000)
  region size 32768K, 1 young (32768K), 1 survivors (32768K)
 Metaspace       used 65703K, committed 66496K, reserved 1105920K
  class space    used 10872K, committed 11264K, reserved 1048576K
}
Event: 358.664 GC heap before
{Heap before GC invocations=295 (full 0):
 garbage-first heap   total 1081344K, used 786865K [0x0000000740000000, 0x0000000800000000)
  region size 32768K, 12 young (393216K), 1 survivors (32768K)
 Metaspace       used 65703K, committed 66496K, reserved 1105920K
  class space    used 10872K, committed 11264K, reserved 1048576K
}
Event: 358.665 GC heap after
{Heap after GC invocations=296 (full 0):
 garbage-first heap   total 1081344K, used 426297K [0x0000000740000000, 0x0000000800000000)
  region size 32768K, 1 young (32768K), 1 survivors (32768K)
 Metaspace       used 65703K, committed 66496K, reserved 1105920K
  class space    used 10872K, committed 11264K, reserved 1048576K
}
Event: 360.174 GC heap before
{Heap before GC invocations=296 (full 0):
 garbage-first heap   total 1081344K, used 786745K [0x0000000740000000, 0x0000000800000000)
  region size 32768K, 12 young (393216K), 1 survivors (32768K)
 Metaspace       used 65703K, committed 66496K, reserved 1105920K
  class space    used 10872K, committed 11264K, reserved 1048576K
}
Event: 360.176 GC heap after
{Heap after GC invocations=297 (full 0):
 garbage-first heap   total 1081344K, used 426864K [0x0000000740000000, 0x0000000800000000)
  region size 32768K, 1 young (32768K), 1 survivors (32768K)
 Metaspace       used 65703K, committed 66496K, reserved 1105920K
  class space    used 10872K, committed 11264K, reserved 1048576K
}
Event: 361.308 GC heap before
{Heap before GC invocations=297 (full 0):
 garbage-first heap   total 1081344K, used 787312K [0x0000000740000000, 0x0000000800000000)
  region size 32768K, 12 young (393216K), 1 survivors (32768K)
 Metaspace       used 65704K, committed 66496K, reserved 1105920K
  class space    used 10872K, committed 11264K, reserved 1048576K
}
Event: 361.309 GC heap after
{Heap after GC invocations=298 (full 0):
 garbage-first heap   total 1081344K, used 426547K [0x0000000740000000, 0x0000000800000000)
  region size 32768K, 1 young (32768K), 1 survivors (32768K)
 Metaspace       used 65704K, committed 66496K, reserved 1105920K
  class space    used 10872K, committed 11264K, reserved 1048576K
}

